2021-10-15 20:32:13 INFO  HolaAdiosTask:23 - Hola
2021-10-15 20:32:13 INFO  YaSaludadoTask:11 - Ya ha saludado
2021-10-15 20:32:13 INFO  HolaAdiosTask:27 - Adios
2021-10-15 20:32:14 INFO  HolaAdiosTask:27 - Adios
2021-10-15 20:32:15 INFO  HolaAdiosTask:27 - Adios
2021-10-15 20:32:16 INFO  HolaAdiosTask:27 - Adios
2021-10-15 20:32:17 INFO  HolaAdiosTask:27 - Adios
2021-10-15 20:32:19 INFO  HolaAdiosTask:23 - Hola
2021-10-15 20:32:19 INFO  HolaAdiosTask:27 - Adios
2021-10-15 20:32:20 INFO  HolaAdiosTask:27 - Adios
2021-10-15 20:32:21 INFO  HolaAdiosTask:27 - Adios
2021-10-15 20:32:22 INFO  HolaAdiosTask:27 - Adios
2021-10-15 20:32:23 INFO  HolaAdiosTask:27 - Adios
2021-10-15 20:32:24 INFO  HolaAdiosTask:23 - Hola
2021-10-15 20:32:25 INFO  HolaAdiosTask:27 - Adios
2021-10-15 20:32:26 INFO  HolaAdiosTask:27 - Adios
2021-10-15 20:32:27 INFO  HolaAdiosTask:27 - Adios
2021-10-15 20:32:28 INFO  HolaAdiosTask:27 - Adios
2021-10-15 20:32:29 INFO  HolaAdiosTask:27 - Adios
2021-10-15 20:32:30 INFO  HolaAdiosTask:23 - Hola
2021-10-15 20:32:30 INFO  HolaAdiosTask:27 - Adios
2021-10-15 20:32:31 INFO  HolaAdiosTask:27 - Adios
2021-10-15 20:32:32 INFO  HolaAdiosTask:27 - Adios
2021-10-15 20:32:33 INFO  HolaAdiosTask:27 - Adios
2021-10-15 20:32:34 INFO  HolaAdiosTask:27 - Adios
2021-10-15 20:32:35 INFO  HolaAdiosTask:23 - Hola
2021-10-15 20:32:36 INFO  HolaAdiosTask:27 - Adios
2021-10-15 20:32:37 INFO  HolaAdiosTask:27 - Adios
2021-10-15 20:32:38 INFO  HolaAdiosTask:27 - Adios
2021-10-15 20:32:39 INFO  HolaAdiosTask:27 - Adios
2021-10-15 20:32:40 INFO  HolaAdiosTask:27 - Adios
2021-10-15 20:32:41 INFO  HolaAdiosTask:23 - Hola
2021-10-15 20:32:41 INFO  HolaAdiosTask:27 - Adios
2021-10-15 20:32:42 INFO  HolaAdiosTask:27 - Adios
2021-10-15 20:32:43 INFO  HolaAdiosTask:27 - Adios
2021-10-15 20:32:44 INFO  HolaAdiosTask:27 - Adios
2021-10-15 20:32:45 INFO  HolaAdiosTask:27 - Adios
2021-10-15 20:32:46 INFO  HolaAdiosTask:23 - Hola
2021-10-15 20:32:47 INFO  HolaAdiosTask:27 - Adios
2021-10-15 20:32:48 INFO  HolaAdiosTask:27 - Adios
2021-10-15 20:32:49 INFO  HolaAdiosTask:27 - Adios
2021-10-15 20:32:50 INFO  HolaAdiosTask:27 - Adios
2021-10-15 20:32:51 INFO  HolaAdiosTask:27 - Adios
2021-10-15 20:32:52 INFO  HolaAdiosTask:23 - Hola
2021-10-15 20:32:52 INFO  HolaAdiosTask:27 - Adios
2021-10-15 20:32:53 INFO  HolaAdiosTask:27 - Adios
2021-10-15 20:32:54 INFO  HolaAdiosTask:27 - Adios
2021-10-15 20:32:58 INFO  YaSaludadoTask:11 - Ya ha saludado
2021-10-15 20:32:58 INFO  HolaAdiosTask:23 - Hola
2021-10-15 20:32:59 INFO  HolaAdiosTask:27 - Adios
2021-10-15 20:33:00 INFO  HolaAdiosTask:27 - Adios
2021-10-15 20:33:01 INFO  HolaAdiosTask:27 - Adios
2021-10-15 20:33:02 INFO  HolaAdiosTask:27 - Adios
2021-10-15 20:33:03 INFO  HolaAdiosTask:27 - Adios
2021-10-15 20:33:04 INFO  HolaAdiosTask:23 - Hola
2021-10-15 20:33:04 INFO  HolaAdiosTask:27 - Adios
2021-10-15 20:33:05 INFO  HolaAdiosTask:27 - Adios
2021-10-15 20:33:06 INFO  HolaAdiosTask:27 - Adios
2021-10-15 20:33:07 INFO  HolaAdiosTask:27 - Adios
2021-10-15 20:33:09 INFO  HolaAdiosTask:27 - Adios
2021-10-15 20:33:10 INFO  HolaAdiosTask:23 - Hola
2021-10-15 20:33:10 INFO  HolaAdiosTask:27 - Adios
2021-10-15 20:33:11 INFO  HolaAdiosTask:27 - Adios
2021-10-15 20:33:12 INFO  HolaAdiosTask:27 - Adios
2021-10-15 20:33:13 INFO  HolaAdiosTask:27 - Adios
2021-10-15 20:33:14 INFO  HolaAdiosTask:27 - Adios
2021-10-15 20:33:15 INFO  HolaAdiosTask:23 - Hola
2021-10-15 20:33:16 INFO  HolaAdiosTask:27 - Adios
2021-10-15 20:33:17 INFO  HolaAdiosTask:27 - Adios
2021-10-15 20:33:18 INFO  HolaAdiosTask:27 - Adios
2021-10-15 20:33:19 INFO  HolaAdiosTask:27 - Adios
2021-10-15 20:33:20 INFO  HolaAdiosTask:27 - Adios
2021-10-15 20:33:21 INFO  HolaAdiosTask:23 - Hola
2021-10-15 20:33:21 INFO  HolaAdiosTask:27 - Adios
2021-10-15 20:33:22 INFO  HolaAdiosTask:27 - Adios
2021-10-15 20:33:26 INFO  Main:32 - Ya ha terminado.
2021-10-15 20:33:26 INFO  HolaAdiosTask:23 - Hola
2021-10-15 20:33:26 INFO  YaSaludadoTask:11 - Ya ha saludado
2021-10-15 20:33:26 INFO  HolaAdiosTask:27 - Adios
2021-10-15 20:33:30 INFO  Main:32 - Ya ha terminado.
2021-10-15 20:33:30 INFO  YaSaludadoTask:11 - Ya ha saludado
2021-10-15 20:33:30 INFO  HolaAdiosTask:23 - Hola
2021-10-15 20:33:30 INFO  HolaAdiosTask:27 - Adios
2021-10-15 20:33:31 INFO  HolaAdiosTask:27 - Adios
2021-10-15 20:33:32 INFO  HolaAdiosTask:27 - Adios
2021-10-15 20:33:33 INFO  HolaAdiosTask:27 - Adios
2021-10-15 20:33:34 INFO  HolaAdiosTask:27 - Adios
2021-10-15 20:33:35 INFO  HolaAdiosTask:23 - Hola
2021-10-15 20:33:36 INFO  HolaAdiosTask:27 - Adios
2021-10-15 20:33:37 INFO  HolaAdiosTask:27 - Adios
2021-10-15 20:33:38 INFO  HolaAdiosTask:27 - Adios
2021-10-15 20:56:34 INFO  HolaAdiosTask:23 - Hola
2021-10-15 20:56:35 INFO  HolaAdiosTask:23 - Hola
2021-10-15 20:56:35 INFO  HolaAdiosTask:23 - Hola
2021-10-15 20:56:36 INFO  HolaAdiosTask:23 - Hola
2021-10-15 20:56:36 INFO  HolaAdiosTask:23 - Hola
2021-10-15 20:56:37 INFO  HolaAdiosTask:23 - Hola
2021-10-15 20:56:37 INFO  HolaAdiosTask:23 - Hola
2021-10-15 20:56:38 INFO  HolaAdiosTask:23 - Hola
2021-10-15 20:56:38 INFO  HolaAdiosTask:23 - Hola
2021-10-15 20:56:39 INFO  HolaAdiosTask:23 - Hola
2021-10-15 20:56:39 INFO  HolaAdiosTask:37 - Adios
2021-10-15 20:56:39 INFO  YaSaludadoTask:20 - Ya ha saludado
2021-10-15 20:56:40 INFO  HolaAdiosTask:37 - Adios
2021-10-15 20:56:41 INFO  HolaAdiosTask:37 - Adios
2021-10-15 20:56:42 INFO  HolaAdiosTask:37 - Adios
2021-10-15 20:56:43 INFO  HolaAdiosTask:37 - Adios
2021-10-15 20:56:44 INFO  Main:26 - Ya ha terminado.
2021-10-15 20:58:25 INFO  HolaAdiosTask:24 - Hola
2021-10-15 20:58:26 INFO  HolaAdiosTask:24 - Hola
2021-10-15 20:58:26 INFO  HolaAdiosTask:24 - Hola
2021-10-15 20:58:27 INFO  HolaAdiosTask:24 - Hola
2021-10-15 20:58:27 INFO  HolaAdiosTask:24 - Hola
2021-10-15 20:58:28 INFO  HolaAdiosTask:24 - Hola
2021-10-15 20:58:28 INFO  HolaAdiosTask:24 - Hola
2021-10-15 20:58:29 INFO  HolaAdiosTask:24 - Hola
2021-10-15 20:58:29 INFO  HolaAdiosTask:24 - Hola
2021-10-15 20:58:30 INFO  HolaAdiosTask:24 - Hola
2021-10-15 20:58:30 INFO  YaSaludadoTask:20 - Ya ha saludado
2021-10-15 20:58:31 INFO  HolaAdiosTask:39 - Adios
2021-10-15 20:58:32 INFO  HolaAdiosTask:39 - Adios
2021-10-15 20:58:33 INFO  HolaAdiosTask:39 - Adios
2021-10-15 20:58:34 INFO  HolaAdiosTask:39 - Adios
2021-10-15 20:58:35 INFO  HolaAdiosTask:39 - Adios
2021-10-15 20:58:35 INFO  Main:26 - Ya ha terminado.
2021-10-15 20:58:49 INFO  HolaAdiosTask:24 - Hola mundo
2021-10-15 20:58:49 INFO  HolaAdiosTask:24 - Hola mundo
2021-10-15 20:58:50 INFO  HolaAdiosTask:24 - Hola mundo
2021-10-15 20:58:51 INFO  HolaAdiosTask:24 - Hola mundo
2021-10-15 20:58:51 INFO  HolaAdiosTask:24 - Hola mundo
2021-10-15 20:58:52 INFO  HolaAdiosTask:24 - Hola mundo
2021-10-15 20:58:52 INFO  HolaAdiosTask:24 - Hola mundo
2021-10-15 20:58:53 INFO  HolaAdiosTask:24 - Hola mundo
2021-10-15 20:58:53 INFO  HolaAdiosTask:24 - Hola mundo
2021-10-15 20:58:54 INFO  HolaAdiosTask:24 - Hola mundo
2021-10-15 20:58:54 INFO  YaSaludadoTask:20 - Ya ha saludado
2021-10-15 20:58:55 INFO  HolaAdiosTask:39 - Adios
2021-10-15 20:58:56 INFO  HolaAdiosTask:39 - Adios
2021-10-15 20:58:57 INFO  HolaAdiosTask:39 - Adios
2021-10-15 20:58:58 INFO  HolaAdiosTask:39 - Adios
2021-10-15 20:58:59 INFO  HolaAdiosTask:39 - Adios
2021-10-15 20:58:59 INFO  Main:26 - Ya ha terminado.
2021-10-15 21:03:34 INFO  HolaAdiosTask:24 - Hola mundo
2021-10-15 21:03:34 INFO  HolaAdiosTask:24 - Hola mundo
2021-10-15 21:03:35 INFO  HolaAdiosTask:24 - Hola mundo
2021-10-15 21:03:35 INFO  HolaAdiosTask:24 - Hola mundo
2021-10-15 21:03:36 INFO  HolaAdiosTask:24 - Hola mundo
2021-10-15 21:03:36 INFO  HolaAdiosTask:24 - Hola mundo
2021-10-15 21:03:37 INFO  HolaAdiosTask:24 - Hola mundo
2021-10-15 21:03:37 INFO  HolaAdiosTask:24 - Hola mundo
2021-10-15 21:03:38 INFO  HolaAdiosTask:24 - Hola mundo
2021-10-15 21:03:38 INFO  HolaAdiosTask:24 - Hola mundo
2021-10-15 21:03:39 INFO  HolaAdiosTask:39 - Adios
2021-10-15 21:03:40 INFO  HolaAdiosTask:39 - Adios
2021-10-15 21:03:41 INFO  HolaAdiosTask:39 - Adios
2021-10-15 21:03:42 INFO  HolaAdiosTask:39 - Adios
2021-10-15 21:03:43 INFO  HolaAdiosTask:39 - Adios
2021-10-15 21:03:43 INFO  YaSaludadoTask:20 - Ya ha saludado
2021-10-15 21:03:43 INFO  Main:26 - Ya ha terminado.
